# JRE version: Java(TM) SE Runtime Environment 18.9 (11.0.12+8) (build 11.0.12+8-LTS-237)
# Java VM: Java HotSpot(TM) 64-Bit Server VM 18.9 (11.0.12+8-LTS-237, mixed mode, tiered, compressed oops, g1 gc, windows-amd64)
Heap:
 garbage-first heap   total 129024K, used 95405K [0x0000000080000000, 0x0000000100000000)
  region size 1024K, 7 young (7168K), 1 survivors (1024K)
 Metaspace       used 91146K, capacity 93480K, committed 93564K, reserved 1130496K
  class space    used 11651K, capacity 12536K, committed 12544K, reserved 1048576K
GC Heap History (10 events):
Event: 197.548 GC heap before
{Heap before GC invocations=41 (full 0):
 garbage-first heap   total 129024K, used 98038K [0x0000000080000000, 0x0000000100000000)
  region size 1024K, 24 young (24576K), 1 survivors (1024K)
 Metaspace       used 87613K, capacity 89910K, committed 90108K, reserved 1128448K
  class space    used 11215K, capacity 12057K, committed 12160K, reserved 1048576K
}
Event: 197.565 GC heap after
{Heap after GC invocations=42 (full 0):
 garbage-first heap   total 129024K, used 77888K [0x0000000080000000, 0x0000000100000000)
  region size 1024K, 3 young (3072K), 3 survivors (3072K)
 Metaspace       used 87613K, capacity 89910K, committed 90108K, reserved 1128448K
  class space    used 11215K, capacity 12057K, committed 12160K, reserved 1048576K
}
Event: 262.682 GC heap before
{Heap before GC invocations=43 (full 0):
 garbage-first heap   total 129024K, used 101440K [0x0000000080000000, 0x0000000100000000)
  region size 1024K, 26 young (26624K), 3 survivors (3072K)
 Metaspace       used 88385K, capacity 90667K, committed 90876K, reserved 1128448K
  class space    used 11304K, capacity 12141K, committed 12160K, reserved 1048576K
}
Event: 262.713 GC heap after
{Heap after GC invocations=44 (full 0):
 garbage-first heap   total 129024K, used 81970K [0x0000000080000000, 0x0000000100000000)
  region size 1024K, 4 young (4096K), 4 survivors (4096K)
 Metaspace       used 88385K, capacity 90667K, committed 90876K, reserved 1128448K
  class space    used 11304K, capacity 12141K, committed 12160K, reserved 1048576K
}
Event: 267.155 GC heap before
{Heap before GC invocations=44 (full 0):
 garbage-first heap   total 129024K, used 102450K [0x0000000080000000, 0x0000000100000000)
  region size 1024K, 25 young (25600K), 4 survivors (4096K)
 Metaspace       used 88716K, capacity 91025K, committed 91260K, reserved 1128448K
  class space    used 11326K, capacity 12175K, committed 12288K, reserved 1048576K
}
Event: 267.167 GC heap after
{Heap after GC invocations=45 (full 0):
 garbage-first heap   total 129024K, used 81439K [0x0000000080000000, 0x0000000100000000)
  region size 1024K, 1 young (1024K), 1 survivors (1024K)
 Metaspace       used 88716K, capacity 91025K, committed 91260K, reserved 1128448K
  class space    used 11326K, capacity 12175K, committed 12288K, reserved 1048576K
}
Event: 275.576 GC heap before
{Heap before GC invocations=46 (full 0):
 garbage-first heap   total 129024K, used 102943K [0x0000000080000000, 0x0000000100000000)
  region size 1024K, 23 young (23552K), 1 survivors (1024K)
 Metaspace       used 90252K, capacity 92536K, committed 92668K, reserved 1130496K
  class space    used 11520K, capacity 12394K, committed 12416K, reserved 1048576K
}
Event: 275.587 GC heap after
{Heap after GC invocations=47 (full 0):
 garbage-first heap   total 129024K, used 82282K [0x0000000080000000, 0x0000000100000000)
  region size 1024K, 2 young (2048K), 2 survivors (2048K)
 Metaspace       used 90252K, capacity 92536K, committed 92668K, reserved 1130496K
  class space    used 11520K, capacity 12394K, committed 12416K, reserved 1048576K
}
Event: 277.657 GC heap before
{Heap before GC invocations=47 (full 0):
 garbage-first heap   total 129024K, used 86378K [0x0000000080000000, 0x0000000100000000)
  region size 1024K, 6 young (6144K), 2 survivors (2048K)
 Metaspace       used 90613K, capacity 92926K, committed 93052K, reserved 1130496K
  class space    used 11569K, capacity 12439K, committed 12544K, reserved 1048576K
}
Event: 277.668 GC heap after
{Heap after GC invocations=48 (full 0):
 garbage-first heap   total 129024K, used 82093K [0x0000000080000000, 0x0000000100000000)
  region size 1024K, 1 young (1024K), 1 survivors (1024K)
 Metaspace       used 90613K, capacity 92926K, committed 93052K, reserved 1130496K
  class space    used 11569K, capacity 12439K, committed 12544K, reserved 1048576K
}

